\BOOKMARK [0][-]{chapter.1}{\376\377\000I\000n\000t\000r\000o\000d\000u\000c\000t\000i\000o\000n}{}% 1
\BOOKMARK [1][-]{section.1.1}{\376\377\000C\000o\000n\000t\000e\000x\000t\000e}{chapter.1}% 2
\BOOKMARK [1][-]{section.1.2}{\376\377\000N\000o\000t\000a\000t\000i\000o\000n\000s}{chapter.1}% 3
\BOOKMARK [1][-]{section.1.3}{\376\377\000P\000r\000\351\000l\000i\000m\000i\000n\000a\000i\000r\000e\000s}{chapter.1}% 4
\BOOKMARK [2][-]{subsection.1.3.1}{\376\377\000T\000o\000p\000o\000l\000o\000g\000i\000e}{section.1.3}% 5
\BOOKMARK [2][-]{subsection.1.3.2}{\376\377\000A\000l\000g\000\350\000b\000r\000e}{section.1.3}% 6
\BOOKMARK [2][-]{subsection.1.3.3}{\376\377\000A\000l\000g\000\350\000b\000r\000e\000\040\000e\000t\000\040\000t\000o\000p\000o\000l\000o\000g\000i\000e}{section.1.3}% 7
\BOOKMARK [0][-]{chapter.2}{\376\377\000L\000e\000\040\000g\000r\000o\000u\000p\000e\000\040\000f\000o\000n\000d\000a\000m\000e\000n\000t\000a\000l}{}% 8
\BOOKMARK [1][-]{section.2.1}{\376\377\000U\000n\000\040\000g\000r\000o\000u\000p\000e\000\040\000f\000o\000n\000d\000a\000m\000e\000n\000t\000a\000l\000\040\000?}{chapter.2}% 9
\BOOKMARK [2][-]{subsection.2.1.1}{\376\377\000H\000o\000m\000o\000t\000o\000p\000i\000e}{section.2.1}% 10
\BOOKMARK [2][-]{subsection.2.1.2}{\376\377\000L\000o\000i\000\040\000d\000e\000\040\000c\000o\000m\000p\000o\000s\000i\000t\000i\000o\000n}{section.2.1}% 11
\BOOKMARK [2][-]{subsection.2.1.3}{\376\377\000P\000r\000o\000p\000r\000i\000\351\000t\000\351\000s\000\040\000\351\000l\000\351\000m\000e\000n\000t\000a\000i\000r\000e\000s}{section.2.1}% 12
\BOOKMARK [1][-]{section.2.2}{\376\377\000M\000i\000s\000e\000\040\000e\000n\000\040\000p\000r\000a\000t\000i\000q\000u\000e}{chapter.2}% 13
\BOOKMARK [2][-]{subsection.2.2.1}{\376\377\000R\000e\000v\000\352\000t\000e\000m\000e\000n\000t\000s\000,\000\040\000p\000r\000e\000m\000i\000\350\000r\000e\000\040\000p\000a\000r\000t\000i\000e}{section.2.2}% 14
\BOOKMARK [2][-]{subsection.2.2.2}{\376\377\000L\000e\000\040\000g\000r\000o\000u\000p\000e\000\040\000f\000o\000n\000d\000a\000m\000e\000n\000t\000a\000l\000\040\000d\000u\000\040\000c\000e\000r\000c\000l\000e}{section.2.2}% 15
\BOOKMARK [2][-]{subsection.2.2.3}{\376\377\000V\000e\000r\000s\000i\000o\000n\000\040\000f\000a\000i\000b\000l\000e\000\040\000d\000u\000\040\000t\000h\000\351\000o\000r\000\350\000m\000e\000\040\000d\000e\000\040\000V\000a\000n\000\040\000K\000a\000m\000p\000e\000n}{section.2.2}% 16
\BOOKMARK [2][-]{subsection.2.2.4}{\376\377\000L\000i\000m\000i\000t\000a\000t\000i\000o\000n\000s\000\040\000d\000u\000\040\000g\000r\000o\000u\000p\000e\000\040\000f\000o\000n\000d\000a\000m\000e\000n\000t\000a\000l}{section.2.2}% 17
\BOOKMARK [1][-]{section.2.3}{\376\377\000R\000e\000v\000\352\000t\000e\000m\000e\000n\000t\000,\000\040\000d\000e\000u\000x\000i\000\350\000m\000e\000\040\000p\000a\000r\000t\000i\000e}{chapter.2}% 18
\BOOKMARK [2][-]{subsection.2.3.1}{\376\377\000C\000o\000r\000r\000e\000s\000p\000o\000n\000d\000a\000n\000c\000e\000\040\000d\000e\000\040\000G\000a\000l\000o\000i\000s}{section.2.3}% 19
\BOOKMARK [2][-]{subsection.2.3.2}{\376\377\000T\000r\000a\000n\000s\000f\000o\000r\000m\000a\000t\000i\000o\000n\000\040\000d\000e\000\040\000d\000e\000c\000k}{section.2.3}% 20
\BOOKMARK [0][-]{chapter.3}{\376\377\000H\000o\000m\000o\000l\000o\000g\000i\000e\000\040\000:\000\040\000e\000n\000f\000i\000n\000\040\000a\000b\000\351\000l\000i\000e\000n\000\040\000!}{}% 21
\BOOKMARK [1][-]{section.3.1}{\376\377\000H\000o\000m\000o\000l\000o\000g\000i\000e\000\040\000s\000i\000m\000p\000l\000i\000c\000i\000a\000l\000e\000\040\000:\000\040\000t\000r\000i\000a\000n\000g\000u\000l\000a\000r\000i\000s\000a\000t\000i\000o\000n}{chapter.3}% 22
\BOOKMARK [2][-]{subsection.3.1.1}{\376\377\000D\000e\000s\000\040\000s\000i\000m\000p\000l\000e\000x\000e\000s\000\040\000e\000t\000\040\000d\000e\000s\000\040\000-\000c\000o\000m\000p\000l\000e\000x\000e\000s}{section.3.1}% 23
\BOOKMARK [2][-]{subsection.3.1.2}{\376\377\000H\000o\000m\000o\000l\000o\000g\000i\000e}{section.3.1}% 24
\BOOKMARK [1][-]{section.3.2}{\376\377\000H\000o\000m\000o\000l\000o\000g\000i\000e\000\040\000s\000i\000n\000g\000u\000l\000i\000\350\000r\000e\000\040\000:\000\040\000l\000a\000\040\000t\000h\000\351\000o\000r\000i\000e}{chapter.3}% 25
\BOOKMARK [2][-]{subsection.3.2.1}{\376\377\000P\000r\000e\000m\000i\000\350\000r\000e\000s\000\040\000p\000r\000o\000p\000r\000i\000\351\000t\000\351\000s\000\040\000s\000u\000r\000\040\000l\000'\000h\000o\000m\000o\000l\000o\000g\000i\000e\000\040\000s\000i\000n\000g\000u\000l\000i\000\350\000r\000e}{section.3.2}% 26
\BOOKMARK [2][-]{subsection.3.2.2}{\376\377\000I\000n\000v\000a\000r\000i\000a\000n\000c\000e\000\040\000p\000a\000r\000\040\000h\000o\000m\000o\000t\000o\000p\000i\000e}{section.3.2}% 27
\BOOKMARK [2][-]{subsection.3.2.3}{\376\377\000S\000\351\000q\000u\000e\000n\000c\000e\000s\000\040\000e\000x\000a\000c\000t\000e\000s\000\040\000e\000t\000\040\000h\000o\000m\000o\000l\000o\000g\000i\000e\000\040\000r\000e\000l\000a\000t\000i\000v\000e}{section.3.2}% 28
\BOOKMARK [2][-]{subsection.3.2.4}{\376\377\000E\000x\000c\000i\000s\000i\000o\000n}{section.3.2}% 29
\BOOKMARK [2][-]{subsection.3.2.5}{\376\377\000S\000i\000m\000p\000l\000i\000c\000i\000a\000l\000e\000\040\000e\000t\000\040\000s\000i\000n\000g\000u\000l\000i\000\350\000r\000e\000\040\000:\000\040\000m\000\352\000m\000e\000\040\000c\000o\000m\000b\000a\000t}{section.3.2}% 30
\BOOKMARK [2][-]{subsection.3.2.6}{\376\377\000A\000b\000\351\000l\000i\000a\000n\000i\000s\000a\000t\000i\000o\000n\000\040\000d\000u\000\040\000g\000r\000o\000u\000p\000e\000\040\000f\000o\000n\000d\000a\000m\000e\000n\000t\000a\000l}{section.3.2}% 31
\BOOKMARK [1][-]{section.3.3}{\376\377\000H\000o\000m\000o\000l\000o\000g\000i\000e\000\040\000c\000e\000l\000l\000u\000l\000a\000i\000r\000e\000\040\000:\000\040\000l\000a\000\040\000p\000r\000a\000t\000i\000q\000u\000e}{chapter.3}% 32
\BOOKMARK [2][-]{subsection.3.3.1}{\376\377\000Q\000u\000'\000e\000s\000t\000-\000c\000e\000\040\000q\000u\000'\000u\000n\000\040\000c\000o\000m\000p\000l\000e\000x\000e\000\040\000c\000e\000l\000l\000u\000l\000a\000i\000r\000e\000\040\000?}{section.3.3}% 33
\BOOKMARK [2][-]{subsection.3.3.2}{\376\377\000L\000e\000\040\000d\000e\000g\000r\000\351}{section.3.3}% 34
\BOOKMARK [2][-]{subsection.3.3.3}{\376\377\000H\000o\000m\000o\000l\000o\000g\000i\000e\000\040\000c\000e\000l\000l\000u\000l\000a\000i\000r\000e}{section.3.3}% 35
\BOOKMARK [2][-]{subsection.3.3.4}{\376\377\000Q\000u\000e\000l\000q\000u\000e\000s\000\040\000e\000x\000e\000m\000p\000l\000e\000s}{section.3.3}% 36
\BOOKMARK [0][-]{appendix.A}{\376\377\000C\000a\000l\000c\000u\000l\000s\000\040\000a\000v\000e\000c\000\040\000l\000'\000h\000o\000m\000o\000l\000o\000g\000i\000e\000\040\000s\000i\000m\000p\000l\000i\000c\000i\000a\000l\000e}{}% 37
\BOOKMARK [1][-]{section.A.1}{\376\377\000P\000o\000l\000y\000g\000o\000n\000e\000s\000\040\000f\000o\000n\000d\000a\000m\000e\000n\000t\000a\000u\000x}{appendix.A}% 38
\BOOKMARK [2][-]{subsection.A.1.1}{\376\377\000C\000'\000e\000s\000t\000\040\000c\000a\000r\000r\000\351\000\040\000!}{section.A.1}% 39
\BOOKMARK [2][-]{subsection.A.1.2}{\376\377\000S\000i\000\040\000c\000'\000e\000s\000t\000\040\000r\000o\000n\000d}{section.A.1}% 40
\BOOKMARK [1][-]{section.A.2}{\376\377\000L\000i\000m\000i\000t\000a\000t\000i\000o\000n\000s\000\040\000d\000e\000\040\000l\000'\000h\000o\000m\000o\000l\000o\000g\000i\000e\000\040\000s\000i\000m\000p\000l\000i\000c\000i\000a\000l\000e}{appendix.A}% 41
\BOOKMARK [0][-]{appendix.B}{\376\377\000I\000n\000t\000r\000o\000d\000u\000c\000t\000i\000o\000n\000\040\000\340\000\040\000l\000a\000\040\000t\000h\000\351\000o\000r\000i\000e\000\040\000d\000e\000s\000\040\000c\000a\000t\000\351\000g\000o\000r\000i\000e\000s}{}% 42
